c:\users\kiki\source\repos\turbolint\turbolint\release\vc141.pdb
c:\users\kiki\source\repos\turbolint\turbolint\release\tclint2.obj
c:\users\kiki\source\repos\turbolint\turbolint\release\codeprint.obj
c:\users\kiki\source\repos\turbolint\turbolint\release\astmatch.obj
c:\users\kiki\source\repos\turbolint\turbolint\release\turbolint.obj
c:\users\kiki\source\repos\turbolint\turbolint\release\tokenarray.obj
c:\users\kiki\source\repos\turbolint\turbolint\release\scanner.obj
c:\users\kiki\source\repos\turbolint\turbolint\release\pptoken.obj
c:\users\kiki\source\repos\turbolint\turbolint\release\parser.obj
c:\users\kiki\source\repos\turbolint\turbolint\release\macro.obj
c:\users\kiki\source\repos\turbolint\turbolint\release\basicscanner.obj
c:\users\kiki\source\repos\turbolint\turbolint\release\astprint.obj
c:\users\kiki\source\repos\turbolint\turbolint\release\ast.obj
c:\users\kiki\source\repos\turbolint\turbolint\release\stringex.obj
c:\users\kiki\source\repos\turbolint\turbolint\release\stream.obj
c:\users\kiki\source\repos\turbolint\turbolint\release\strbuilder.obj
c:\users\kiki\source\repos\turbolint\turbolint\release\map2.obj
c:\users\kiki\source\repos\turbolint\turbolint\release\map.obj
c:\users\kiki\source\repos\turbolint\turbolint\release\dmalloc.obj
c:\users\kiki\source\repos\turbolint\turbolint\release\array.obj
c:\users\kiki\source\repos\turbolint\release\turbolint.exe
c:\users\kiki\source\repos\turbolint\release\turbolint.pdb
c:\users\kiki\source\repos\turbolint\release\turbolint.ipdb
c:\users\kiki\source\repos\turbolint\release\turbolint.iobj
c:\users\kiki\source\repos\turbolint\turbolint\release\turbolint.tlog\cl.command.1.tlog
c:\users\kiki\source\repos\turbolint\turbolint\release\turbolint.tlog\cl.read.1.tlog
c:\users\kiki\source\repos\turbolint\turbolint\release\turbolint.tlog\cl.write.1.tlog
c:\users\kiki\source\repos\turbolint\turbolint\release\turbolint.tlog\link.command.1.tlog
c:\users\kiki\source\repos\turbolint\turbolint\release\turbolint.tlog\link.read.1.tlog
c:\users\kiki\source\repos\turbolint\turbolint\release\turbolint.tlog\link.write.1.tlog
c:\users\kiki\source\repos\turbolint\turbolint\release\turbolint.tlog\turbolint.write.1u.tlog
